The system is: Linux - 4.19.66-1-ARCH - armv7l
Compiling the C compiler identification source file "CMakeCCompilerId.c" succeeded.
Compiler: /usr/bin/cc 
Build flags: 
Id flags:  

The output was:
0


Compilation of the C compiler identification source "CMakeCCompilerId.c" produced "a.out"

The C compiler identification is GNU, found in "/home/gmatczak/raspicam-0.1.8/build/CMakeFiles/3.15.2/CompilerIdC/a.out"

Compiling the CXX compiler identification source file "CMakeCXXCompilerId.cpp" succeeded.
Compiler: /usr/bin/c++ 
Build flags: 
Id flags:  

The output was:
0


Compilation of the CXX compiler identification source "CMakeCXXCompilerId.cpp" produced "a.out"

The CXX compiler identification is GNU, found in "/home/gmatczak/raspicam-0.1.8/build/CMakeFiles/3.15.2/CompilerIdCXX/a.out"

Determining if the C compiler works passed with the following output:
Change Dir: /home/gmatczak/raspicam-0.1.8/build/CMakeFiles/CMakeTmp

Run Build Command(s):/usr/bin/make cmTC_d362d/fast && /usr/bin/make -f CMakeFiles/cmTC_d362d.dir/build.make CMakeFiles/cmTC_d362d.dir/build
make[1]: Wejście do katalogu '/home/gmatczak/raspicam-0.1.8/build/CMakeFiles/CMakeTmp'
Building C object CMakeFiles/cmTC_d362d.dir/testCCompiler.c.o
/usr/bin/cc    -o CMakeFiles/cmTC_d362d.dir/testCCompiler.c.o   -c /home/gmatczak/raspicam-0.1.8/build/CMakeFiles/CMakeTmp/testCCompiler.c
Linking C executable cmTC_d362d
/usr/bin/cmake -E cmake_link_script CMakeFiles/cmTC_d362d.dir/link.txt --verbose=1
/usr/bin/cc      -rdynamic CMakeFiles/cmTC_d362d.dir/testCCompiler.c.o  -o cmTC_d362d 
make[1]: Opuszczenie katalogu '/home/gmatczak/raspicam-0.1.8/build/CMakeFiles/CMakeTmp'



Detecting C compiler ABI info compiled with the following output:
Change Dir: /home/gmatczak/raspicam-0.1.8/build/CMakeFiles/CMakeTmp

Run Build Command(s):/usr/bin/make cmTC_58515/fast && /usr/bin/make -f CMakeFiles/cmTC_58515.dir/build.make CMakeFiles/cmTC_58515.dir/build
make[1]: Entering directory '/home/gmatczak/raspicam-0.1.8/build/CMakeFiles/CMakeTmp'
Building C object CMakeFiles/cmTC_58515.dir/CMakeCCompilerABI.c.o
/usr/bin/cc   -v -o CMakeFiles/cmTC_58515.dir/CMakeCCompilerABI.c.o   -c /usr/share/cmake-3.15/Modules/CMakeCCompilerABI.c
Using built-in specs.
COLLECT_GCC=/usr/bin/cc
Target: armv7l-unknown-linux-gnueabihf
Configured with: /build/gcc/src/gcc/configure --prefix=/usr --libdir=/usr/lib --libexecdir=/usr/lib --mandir=/usr/share/man --infodir=/usr/share/info --with-bugurl=https://github.com/archlinuxarm/PKGBUILDs/issues --enable-languages=c,c++,fortran,go,lto,objc,obj-c++ --enable-shared --enable-threads=posix --with-system-zlib --with-isl --enable-__cxa_atexit --disable-libunwind-exceptions --enable-clocale=gnu --disable-libstdcxx-pch --disable-libssp --enable-gnu-unique-object --enable-linker-build-id --enable-lto --enable-plugin --enable-install-libiberty --with-linker-hash-style=gnu --enable-gnu-indirect-function --disable-multilib --disable-werror --enable-checking=release --enable-default-pie --enable-default-ssp --host=armv7l-unknown-linux-gnueabihf --build=armv7l-unknown-linux-gnueabihf --with-arch=armv7-a --with-float=hard --with-fpu=vfpv3-d16
Thread model: posix
gcc version 8.3.0 (GCC) 
COLLECT_GCC_OPTIONS='-v' '-o' 'CMakeFiles/cmTC_58515.dir/CMakeCCompilerABI.c.o' '-c'  '-mfloat-abi=hard' '-mfpu=vfpv3-d16' '-mtls-dialect=gnu' '-marm' '-march=armv7-a+fp'
 /usr/lib/gcc/armv7l-unknown-linux-gnueabihf/8.3.0/cc1 -quiet -v /usr/share/cmake-3.15/Modules/CMakeCCompilerABI.c -quiet -dumpbase CMakeCCompilerABI.c -mfloat-abi=hard -mfpu=vfpv3-d16 -mtls-dialect=gnu -marm -march=armv7-a+fp -auxbase-strip CMakeFiles/cmTC_58515.dir/CMakeCCompilerABI.c.o -version -o /tmp/ccMDL5uP.s
GNU C17 (GCC) version 8.3.0 (armv7l-unknown-linux-gnueabihf)
	compiled by GNU C version 8.3.0, GMP version 6.1.2, MPFR version 4.0.2, MPC version 1.1.0, isl version isl-0.21-GMP

GGC heuristics: --param ggc-min-expand=89 --param ggc-min-heapsize=111393
ignoring nonexistent directory "/usr/lib/gcc/armv7l-unknown-linux-gnueabihf/8.3.0/../../../../armv7l-unknown-linux-gnueabihf/include"
#include "..." search starts here:
#include <...> search starts here:
 /usr/lib/gcc/armv7l-unknown-linux-gnueabihf/8.3.0/include
 /usr/local/include
 /usr/lib/gcc/armv7l-unknown-linux-gnueabihf/8.3.0/include-fixed
 /usr/include
End of search list.
GNU C17 (GCC) version 8.3.0 (armv7l-unknown-linux-gnueabihf)
	compiled by GNU C version 8.3.0, GMP version 6.1.2, MPFR version 4.0.2, MPC version 1.1.0, isl version isl-0.21-GMP

GGC heuristics: --param ggc-min-expand=89 --param ggc-min-heapsize=111393
Compiler executable checksum: 360720a7a32994927ef3875ef051131e
COLLECT_GCC_OPTIONS='-v' '-o' 'CMakeFiles/cmTC_58515.dir/CMakeCCompilerABI.c.o' '-c'  '-mfloat-abi=hard' '-mfpu=vfpv3-d16' '-mtls-dialect=gnu' '-marm' '-march=armv7-a+fp'
 as -v -march=armv7-a -mfloat-abi=hard -mfpu=vfpv3-d16 -meabi=5 -o CMakeFiles/cmTC_58515.dir/CMakeCCompilerABI.c.o /tmp/ccMDL5uP.s
GNU assembler version 2.32 (armv7l-unknown-linux-gnueabihf) using BFD version (GNU Binutils) 2.32
COMPILER_PATH=/usr/lib/gcc/armv7l-unknown-linux-gnueabihf/8.3.0/:/usr/lib/gcc/armv7l-unknown-linux-gnueabihf/8.3.0/:/usr/lib/gcc/armv7l-unknown-linux-gnueabihf/:/usr/lib/gcc/armv7l-unknown-linux-gnueabihf/8.3.0/:/usr/lib/gcc/armv7l-unknown-linux-gnueabihf/
LIBRARY_PATH=/usr/lib/gcc/armv7l-unknown-linux-gnueabihf/8.3.0/:/usr/lib/gcc/armv7l-unknown-linux-gnueabihf/8.3.0/../../../:/lib/:/usr/lib/
COLLECT_GCC_OPTIONS='-v' '-o' 'CMakeFiles/cmTC_58515.dir/CMakeCCompilerABI.c.o' '-c'  '-mfloat-abi=hard' '-mfpu=vfpv3-d16' '-mtls-dialect=gnu' '-marm' '-march=armv7-a+fp'
Linking C executable cmTC_58515
/usr/bin/cmake -E cmake_link_script CMakeFiles/cmTC_58515.dir/link.txt --verbose=1
/usr/bin/cc     -v -rdynamic CMakeFiles/cmTC_58515.dir/CMakeCCompilerABI.c.o  -o cmTC_58515 
Using built-in specs.
COLLECT_GCC=/usr/bin/cc
COLLECT_LTO_WRAPPER=/usr/lib/gcc/armv7l-unknown-linux-gnueabihf/8.3.0/lto-wrapper
Target: armv7l-unknown-linux-gnueabihf
Configured with: /build/gcc/src/gcc/configure --prefix=/usr --libdir=/usr/lib --libexecdir=/usr/lib --mandir=/usr/share/man --infodir=/usr/share/info --with-bugurl=https://github.com/archlinuxarm/PKGBUILDs/issues --enable-languages=c,c++,fortran,go,lto,objc,obj-c++ --enable-shared --enable-threads=posix --with-system-zlib --with-isl --enable-__cxa_atexit --disable-libunwind-exceptions --enable-clocale=gnu --disable-libstdcxx-pch --disable-libssp --enable-gnu-unique-object --enable-linker-build-id --enable-lto --enable-plugin --enable-install-libiberty --with-linker-hash-style=gnu --enable-gnu-indirect-function --disable-multilib --disable-werror --enable-checking=release --enable-default-pie --enable-default-ssp --host=armv7l-unknown-linux-gnueabihf --build=armv7l-unknown-linux-gnueabihf --with-arch=armv7-a --with-float=hard --with-fpu=vfpv3-d16
Thread model: posix
gcc version 8.3.0 (GCC) 
COMPILER_PATH=/usr/lib/gcc/armv7l-unknown-linux-gnueabihf/8.3.0/:/usr/lib/gcc/armv7l-unknown-linux-gnueabihf/8.3.0/:/usr/lib/gcc/armv7l-unknown-linux-gnueabihf/:/usr/lib/gcc/armv7l-unknown-linux-gnueabihf/8.3.0/:/usr/lib/gcc/armv7l-unknown-linux-gnueabihf/
LIBRARY_PATH=/usr/lib/gcc/armv7l-unknown-linux-gnueabihf/8.3.0/:/usr/lib/gcc/armv7l-unknown-linux-gnueabihf/8.3.0/../../../:/lib/:/usr/lib/
COLLECT_GCC_OPTIONS='-v' '-rdynamic' '-o' 'cmTC_58515'  '-mfloat-abi=hard' '-mfpu=vfpv3-d16' '-mtls-dialect=gnu' '-marm' '-march=armv7-a+fp'
 /usr/lib/gcc/armv7l-unknown-linux-gnueabihf/8.3.0/collect2 -plugin /usr/lib/gcc/armv7l-unknown-linux-gnueabihf/8.3.0/liblto_plugin.so -plugin-opt=/usr/lib/gcc/armv7l-unknown-linux-gnueabihf/8.3.0/lto-wrapper -plugin-opt=-fresolution=/tmp/ccfB8Vwg.res -plugin-opt=-pass-through=-lgcc -plugin-opt=-pass-through=-lgcc_s -plugin-opt=-pass-through=-lc -plugin-opt=-pass-through=-lgcc -plugin-opt=-pass-through=-lgcc_s --build-id --eh-frame-hdr --hash-style=gnu -export-dynamic -dynamic-linker /lib/ld-linux-armhf.so.3 -X -m armelf_linux_eabi -pie -o cmTC_58515 /usr/lib/gcc/armv7l-unknown-linux-gnueabihf/8.3.0/../../../Scrt1.o /usr/lib/gcc/armv7l-unknown-linux-gnueabihf/8.3.0/../../../crti.o /usr/lib/gcc/armv7l-unknown-linux-gnueabihf/8.3.0/crtbeginS.o -L/usr/lib/gcc/armv7l-unknown-linux-gnueabihf/8.3.0 -L/usr/lib/gcc/armv7l-unknown-linux-gnueabihf/8.3.0/../../.. CMakeFiles/cmTC_58515.dir/CMakeCCompilerABI.c.o -lgcc --as-needed -lgcc_s --no-as-needed -lc -lgcc --as-needed -lgcc_s --no-as-needed /usr/lib/gcc/armv7l-unknown-linux-gnueabihf/8.3.0/crtendS.o /usr/lib/gcc/armv7l-unknown-linux-gnueabihf/8.3.0/../../../crtn.o
COLLECT_GCC_OPTIONS='-v' '-rdynamic' '-o' 'cmTC_58515'  '-mfloat-abi=hard' '-mfpu=vfpv3-d16' '-mtls-dialect=gnu' '-marm' '-march=armv7-a+fp'
make[1]: Leaving directory '/home/gmatczak/raspicam-0.1.8/build/CMakeFiles/CMakeTmp'



Parsed C implicit include dir info from above output: rv=done
  found start of include info
  found start of implicit include info
    add: [/usr/lib/gcc/armv7l-unknown-linux-gnueabihf/8.3.0/include]
    add: [/usr/local/include]
    add: [/usr/lib/gcc/armv7l-unknown-linux-gnueabihf/8.3.0/include-fixed]
    add: [/usr/include]
  end of search list found
  collapse include dir [/usr/lib/gcc/armv7l-unknown-linux-gnueabihf/8.3.0/include] ==> [/usr/lib/gcc/armv7l-unknown-linux-gnueabihf/8.3.0/include]
  collapse include dir [/usr/local/include] ==> [/usr/local/include]
  collapse include dir [/usr/lib/gcc/armv7l-unknown-linux-gnueabihf/8.3.0/include-fixed] ==> [/usr/lib/gcc/armv7l-unknown-linux-gnueabihf/8.3.0/include-fixed]
  collapse include dir [/usr/include] ==> [/usr/include]
  implicit include dirs: [/usr/lib/gcc/armv7l-unknown-linux-gnueabihf/8.3.0/include;/usr/local/include;/usr/lib/gcc/armv7l-unknown-linux-gnueabihf/8.3.0/include-fixed;/usr/include]


Parsed C implicit link information from above output:
  link line regex: [^( *|.*[/\])(ld|CMAKE_LINK_STARTFILE-NOTFOUND|([^/\]+-)?ld|collect2)[^/\]*( |$)]
  ignore line: [Change Dir: /home/gmatczak/raspicam-0.1.8/build/CMakeFiles/CMakeTmp]
  ignore line: []
  ignore line: [Run Build Command(s):/usr/bin/make cmTC_58515/fast && /usr/bin/make -f CMakeFiles/cmTC_58515.dir/build.make CMakeFiles/cmTC_58515.dir/build]
  ignore line: [make[1]: Entering directory '/home/gmatczak/raspicam-0.1.8/build/CMakeFiles/CMakeTmp']
  ignore line: [Building C object CMakeFiles/cmTC_58515.dir/CMakeCCompilerABI.c.o]
  ignore line: [/usr/bin/cc   -v -o CMakeFiles/cmTC_58515.dir/CMakeCCompilerABI.c.o   -c /usr/share/cmake-3.15/Modules/CMakeCCompilerABI.c]
  ignore line: [Using built-in specs.]
  ignore line: [COLLECT_GCC=/usr/bin/cc]
  ignore line: [Target: armv7l-unknown-linux-gnueabihf]
  ignore line: [Configured with: /build/gcc/src/gcc/configure --prefix=/usr --libdir=/usr/lib --libexecdir=/usr/lib --mandir=/usr/share/man --infodir=/usr/share/info --with-bugurl=https://github.com/archlinuxarm/PKGBUILDs/issues --enable-languages=c,c++,fortran,go,lto,objc,obj-c++ --enable-shared --enable-threads=posix --with-system-zlib --with-isl --enable-__cxa_atexit --disable-libunwind-exceptions --enable-clocale=gnu --disable-libstdcxx-pch --disable-libssp --enable-gnu-unique-object --enable-linker-build-id --enable-lto --enable-plugin --enable-install-libiberty --with-linker-hash-style=gnu --enable-gnu-indirect-function --disable-multilib --disable-werror --enable-checking=release --enable-default-pie --enable-default-ssp --host=armv7l-unknown-linux-gnueabihf --build=armv7l-unknown-linux-gnueabihf --with-arch=armv7-a --with-float=hard --with-fpu=vfpv3-d16]
  ignore line: [Thread model: posix]
  ignore line: [gcc version 8.3.0 (GCC) ]
  ignore line: [COLLECT_GCC_OPTIONS='-v' '-o' 'CMakeFiles/cmTC_58515.dir/CMakeCCompilerABI.c.o' '-c'  '-mfloat-abi=hard' '-mfpu=vfpv3-d16' '-mtls-dialect=gnu' '-marm' '-march=armv7-a+fp']
  ignore line: [ /usr/lib/gcc/armv7l-unknown-linux-gnueabihf/8.3.0/cc1 -quiet -v /usr/share/cmake-3.15/Modules/CMakeCCompilerABI.c -quiet -dumpbase CMakeCCompilerABI.c -mfloat-abi=hard -mfpu=vfpv3-d16 -mtls-dialect=gnu -marm -march=armv7-a+fp -auxbase-strip CMakeFiles/cmTC_58515.dir/CMakeCCompilerABI.c.o -version -o /tmp/ccMDL5uP.s]
  ignore line: [GNU C17 (GCC) version 8.3.0 (armv7l-unknown-linux-gnueabihf)]
  ignore line: [	compiled by GNU C version 8.3.0, GMP version 6.1.2, MPFR version 4.0.2, MPC version 1.1.0, isl version isl-0.21-GMP]
  ignore line: []
  ignore line: [GGC heuristics: --param ggc-min-expand=89 --param ggc-min-heapsize=111393]
  ignore line: [ignoring nonexistent directory "/usr/lib/gcc/armv7l-unknown-linux-gnueabihf/8.3.0/../../../../armv7l-unknown-linux-gnueabihf/include"]
  ignore line: [#include "..." search starts here:]
  ignore line: [#include <...> search starts here:]
  ignore line: [ /usr/lib/gcc/armv7l-unknown-linux-gnueabihf/8.3.0/include]
  ignore line: [ /usr/local/include]
  ignore line: [ /usr/lib/gcc/armv7l-unknown-linux-gnueabihf/8.3.0/include-fixed]
  ignore line: [ /usr/include]
  ignore line: [End of search list.]
  ignore line: [GNU C17 (GCC) version 8.3.0 (armv7l-unknown-linux-gnueabihf)]
  ignore line: [	compiled by GNU C version 8.3.0, GMP version 6.1.2, MPFR version 4.0.2, MPC version 1.1.0, isl version isl-0.21-GMP]
  ignore line: []
  ignore line: [GGC heuristics: --param ggc-min-expand=89 --param ggc-min-heapsize=111393]
  ignore line: [Compiler executable checksum: 360720a7a32994927ef3875ef051131e]
  ignore line: [COLLECT_GCC_OPTIONS='-v' '-o' 'CMakeFiles/cmTC_58515.dir/CMakeCCompilerABI.c.o' '-c'  '-mfloat-abi=hard' '-mfpu=vfpv3-d16' '-mtls-dialect=gnu' '-marm' '-march=armv7-a+fp']
  ignore line: [ as -v -march=armv7-a -mfloat-abi=hard -mfpu=vfpv3-d16 -meabi=5 -o CMakeFiles/cmTC_58515.dir/CMakeCCompilerABI.c.o /tmp/ccMDL5uP.s]
  ignore line: [GNU assembler version 2.32 (armv7l-unknown-linux-gnueabihf) using BFD version (GNU Binutils) 2.32]
  ignore line: [COMPILER_PATH=/usr/lib/gcc/armv7l-unknown-linux-gnueabihf/8.3.0/:/usr/lib/gcc/armv7l-unknown-linux-gnueabihf/8.3.0/:/usr/lib/gcc/armv7l-unknown-linux-gnueabihf/:/usr/lib/gcc/armv7l-unknown-linux-gnueabihf/8.3.0/:/usr/lib/gcc/armv7l-unknown-linux-gnueabihf/]
  ignore line: [LIBRARY_PATH=/usr/lib/gcc/armv7l-unknown-linux-gnueabihf/8.3.0/:/usr/lib/gcc/armv7l-unknown-linux-gnueabihf/8.3.0/../../../:/lib/:/usr/lib/]
  ignore line: [COLLECT_GCC_OPTIONS='-v' '-o' 'CMakeFiles/cmTC_58515.dir/CMakeCCompilerABI.c.o' '-c'  '-mfloat-abi=hard' '-mfpu=vfpv3-d16' '-mtls-dialect=gnu' '-marm' '-march=armv7-a+fp']
  ignore line: [Linking C executable cmTC_58515]
  ignore line: [/usr/bin/cmake -E cmake_link_script CMakeFiles/cmTC_58515.dir/link.txt --verbose=1]
  ignore line: [/usr/bin/cc     -v -rdynamic CMakeFiles/cmTC_58515.dir/CMakeCCompilerABI.c.o  -o cmTC_58515 ]
  ignore line: [Using built-in specs.]
  ignore line: [COLLECT_GCC=/usr/bin/cc]
  ignore line: [COLLECT_LTO_WRAPPER=/usr/lib/gcc/armv7l-unknown-linux-gnueabihf/8.3.0/lto-wrapper]
  ignore line: [Target: armv7l-unknown-linux-gnueabihf]
  ignore line: [Configured with: /build/gcc/src/gcc/configure --prefix=/usr --libdir=/usr/lib --libexecdir=/usr/lib --mandir=/usr/share/man --infodir=/usr/share/info --with-bugurl=https://github.com/archlinuxarm/PKGBUILDs/issues --enable-languages=c,c++,fortran,go,lto,objc,obj-c++ --enable-shared --enable-threads=posix --with-system-zlib --with-isl --enable-__cxa_atexit --disable-libunwind-exceptions --enable-clocale=gnu --disable-libstdcxx-pch --disable-libssp --enable-gnu-unique-object --enable-linker-build-id --enable-lto --enable-plugin --enable-install-libiberty --with-linker-hash-style=gnu --enable-gnu-indirect-function --disable-multilib --disable-werror --enable-checking=release --enable-default-pie --enable-default-ssp --host=armv7l-unknown-linux-gnueabihf --build=armv7l-unknown-linux-gnueabihf --with-arch=armv7-a --with-float=hard --with-fpu=vfpv3-d16]
  ignore line: [Thread model: posix]
  ignore line: [gcc version 8.3.0 (GCC) ]
  ignore line: [COMPILER_PATH=/usr/lib/gcc/armv7l-unknown-linux-gnueabihf/8.3.0/:/usr/lib/gcc/armv7l-unknown-linux-gnueabihf/8.3.0/:/usr/lib/gcc/armv7l-unknown-linux-gnueabihf/:/usr/lib/gcc/armv7l-unknown-linux-gnueabihf/8.3.0/:/usr/lib/gcc/armv7l-unknown-linux-gnueabihf/]
  ignore line: [LIBRARY_PATH=/usr/lib/gcc/armv7l-unknown-linux-gnueabihf/8.3.0/:/usr/lib/gcc/armv7l-unknown-linux-gnueabihf/8.3.0/../../../:/lib/:/usr/lib/]
  ignore line: [COLLECT_GCC_OPTIONS='-v' '-rdynamic' '-o' 'cmTC_58515'  '-mfloat-abi=hard' '-mfpu=vfpv3-d16' '-mtls-dialect=gnu' '-marm' '-march=armv7-a+fp']
  link line: [ /usr/lib/gcc/armv7l-unknown-linux-gnueabihf/8.3.0/collect2 -plugin /usr/lib/gcc/armv7l-unknown-linux-gnueabihf/8.3.0/liblto_plugin.so -plugin-opt=/usr/lib/gcc/armv7l-unknown-linux-gnueabihf/8.3.0/lto-wrapper -plugin-opt=-fresolution=/tmp/ccfB8Vwg.res -plugin-opt=-pass-through=-lgcc -plugin-opt=-pass-through=-lgcc_s -plugin-opt=-pass-through=-lc -plugin-opt=-pass-through=-lgcc -plugin-opt=-pass-through=-lgcc_s --build-id --eh-frame-hdr --hash-style=gnu -export-dynamic -dynamic-linker /lib/ld-linux-armhf.so.3 -X -m armelf_linux_eabi -pie -o cmTC_58515 /usr/lib/gcc/armv7l-unknown-linux-gnueabihf/8.3.0/../../../Scrt1.o /usr/lib/gcc/armv7l-unknown-linux-gnueabihf/8.3.0/../../../crti.o /usr/lib/gcc/armv7l-unknown-linux-gnueabihf/8.3.0/crtbeginS.o -L/usr/lib/gcc/armv7l-unknown-linux-gnueabihf/8.3.0 -L/usr/lib/gcc/armv7l-unknown-linux-gnueabihf/8.3.0/../../.. CMakeFiles/cmTC_58515.dir/CMakeCCompilerABI.c.o -lgcc --as-needed -lgcc_s --no-as-needed -lc -lgcc --as-needed -lgcc_s --no-as-needed /usr/lib/gcc/armv7l-unknown-linux-gnueabihf/8.3.0/crtendS.o /usr/lib/gcc/armv7l-unknown-linux-gnueabihf/8.3.0/../../../crtn.o]
    arg [/usr/lib/gcc/armv7l-unknown-linux-gnueabihf/8.3.0/collect2] ==> ignore
    arg [-plugin] ==> ignore
    arg [/usr/lib/gcc/armv7l-unknown-linux-gnueabihf/8.3.0/liblto_plugin.so] ==> ignore
    arg [-plugin-opt=/usr/lib/gcc/armv7l-unknown-linux-gnueabihf/8.3.0/lto-wrapper] ==> ignore
    arg [-plugin-opt=-fresolution=/tmp/ccfB8Vwg.res] ==> ignore
    arg [-plugin-opt=-pass-through=-lgcc] ==> ignore
    arg [-plugin-opt=-pass-through=-lgcc_s] ==> ignore
    arg [-plugin-opt=-pass-through=-lc] ==> ignore
    arg [-plugin-opt=-pass-through=-lgcc] ==> ignore
    arg [-plugin-opt=-pass-through=-lgcc_s] ==> ignore
    arg [--build-id] ==> ignore
    arg [--eh-frame-hdr] ==> ignore
    arg [--hash-style=gnu] ==> ignore
    arg [-export-dynamic] ==> ignore
    arg [-dynamic-linker] ==> ignore
    arg [/lib/ld-linux-armhf.so.3] ==> ignore
    arg [-X] ==> ignore
    arg [-m] ==> ignore
    arg [armelf_linux_eabi] ==> ignore
    arg [-pie] ==> ignore
    arg [-o] ==> ignore
    arg [cmTC_58515] ==> ignore
    arg [/usr/lib/gcc/armv7l-unknown-linux-gnueabihf/8.3.0/../../../Scrt1.o] ==> ignore
    arg [/usr/lib/gcc/armv7l-unknown-linux-gnueabihf/8.3.0/../../../crti.o] ==> ignore
    arg [/usr/lib/gcc/armv7l-unknown-linux-gnueabihf/8.3.0/crtbeginS.o] ==> ignore
    arg [-L/usr/lib/gcc/armv7l-unknown-linux-gnueabihf/8.3.0] ==> dir [/usr/lib/gcc/armv7l-unknown-linux-gnueabihf/8.3.0]
    arg [-L/usr/lib/gcc/armv7l-unknown-linux-gnueabihf/8.3.0/../../..] ==> dir [/usr/lib/gcc/armv7l-unknown-linux-gnueabihf/8.3.0/../../..]
    arg [CMakeFiles/cmTC_58515.dir/CMakeCCompilerABI.c.o] ==> ignore
    arg [-lgcc] ==> lib [gcc]
    arg [--as-needed] ==> ignore
    arg [-lgcc_s] ==> lib [gcc_s]
    arg [--no-as-needed] ==> ignore
    arg [-lc] ==> lib [c]
    arg [-lgcc] ==> lib [gcc]
    arg [--as-needed] ==> ignore
    arg [-lgcc_s] ==> lib [gcc_s]
    arg [--no-as-needed] ==> ignore
    arg [/usr/lib/gcc/armv7l-unknown-linux-gnueabihf/8.3.0/crtendS.o] ==> ignore
    arg [/usr/lib/gcc/armv7l-unknown-linux-gnueabihf/8.3.0/../../../crtn.o] ==> ignore
  collapse library dir [/usr/lib/gcc/armv7l-unknown-linux-gnueabihf/8.3.0] ==> [/usr/lib/gcc/armv7l-unknown-linux-gnueabihf/8.3.0]
  collapse library dir [/usr/lib/gcc/armv7l-unknown-linux-gnueabihf/8.3.0/../../..] ==> [/usr/lib]
  implicit libs: [gcc;gcc_s;c;gcc;gcc_s]
  implicit dirs: [/usr/lib/gcc/armv7l-unknown-linux-gnueabihf/8.3.0;/usr/lib]
  implicit fwks: []


Determining if the CXX compiler works passed with the following output:
Change Dir: /home/gmatczak/raspicam-0.1.8/build/CMakeFiles/CMakeTmp

Run Build Command(s):/usr/bin/make cmTC_ffd91/fast && /usr/bin/make -f CMakeFiles/cmTC_ffd91.dir/build.make CMakeFiles/cmTC_ffd91.dir/build
make[1]: Wejście do katalogu '/home/gmatczak/raspicam-0.1.8/build/CMakeFiles/CMakeTmp'
Building CXX object CMakeFiles/cmTC_ffd91.dir/testCXXCompiler.cxx.o
/usr/bin/c++     -o CMakeFiles/cmTC_ffd91.dir/testCXXCompiler.cxx.o -c /home/gmatczak/raspicam-0.1.8/build/CMakeFiles/CMakeTmp/testCXXCompiler.cxx
Linking CXX executable cmTC_ffd91
/usr/bin/cmake -E cmake_link_script CMakeFiles/cmTC_ffd91.dir/link.txt --verbose=1
/usr/bin/c++       -rdynamic CMakeFiles/cmTC_ffd91.dir/testCXXCompiler.cxx.o  -o cmTC_ffd91 
make[1]: Opuszczenie katalogu '/home/gmatczak/raspicam-0.1.8/build/CMakeFiles/CMakeTmp'



Detecting CXX compiler ABI info compiled with the following output:
Change Dir: /home/gmatczak/raspicam-0.1.8/build/CMakeFiles/CMakeTmp

Run Build Command(s):/usr/bin/make cmTC_8ff07/fast && /usr/bin/make -f CMakeFiles/cmTC_8ff07.dir/build.make CMakeFiles/cmTC_8ff07.dir/build
make[1]: Entering directory '/home/gmatczak/raspicam-0.1.8/build/CMakeFiles/CMakeTmp'
Building CXX object CMakeFiles/cmTC_8ff07.dir/CMakeCXXCompilerABI.cpp.o
/usr/bin/c++    -v -o CMakeFiles/cmTC_8ff07.dir/CMakeCXXCompilerABI.cpp.o -c /usr/share/cmake-3.15/Modules/CMakeCXXCompilerABI.cpp
Using built-in specs.
COLLECT_GCC=/usr/bin/c++
Target: armv7l-unknown-linux-gnueabihf
Configured with: /build/gcc/src/gcc/configure --prefix=/usr --libdir=/usr/lib --libexecdir=/usr/lib --mandir=/usr/share/man --infodir=/usr/share/info --with-bugurl=https://github.com/archlinuxarm/PKGBUILDs/issues --enable-languages=c,c++,fortran,go,lto,objc,obj-c++ --enable-shared --enable-threads=posix --with-system-zlib --with-isl --enable-__cxa_atexit --disable-libunwind-exceptions --enable-clocale=gnu --disable-libstdcxx-pch --disable-libssp --enable-gnu-unique-object --enable-linker-build-id --enable-lto --enable-plugin --enable-install-libiberty --with-linker-hash-style=gnu --enable-gnu-indirect-function --disable-multilib --disable-werror --enable-checking=release --enable-default-pie --enable-default-ssp --host=armv7l-unknown-linux-gnueabihf --build=armv7l-unknown-linux-gnueabihf --with-arch=armv7-a --with-float=hard --with-fpu=vfpv3-d16
Thread model: posix
gcc version 8.3.0 (GCC) 
COLLECT_GCC_OPTIONS='-v' '-o' 'CMakeFiles/cmTC_8ff07.dir/CMakeCXXCompilerABI.cpp.o' '-c' '-shared-libgcc'  '-mfloat-abi=hard' '-mfpu=vfpv3-d16' '-mtls-dialect=gnu' '-marm' '-march=armv7-a+fp'
 /usr/lib/gcc/armv7l-unknown-linux-gnueabihf/8.3.0/cc1plus -quiet -v -D_GNU_SOURCE /usr/share/cmake-3.15/Modules/CMakeCXXCompilerABI.cpp -quiet -dumpbase CMakeCXXCompilerABI.cpp -mfloat-abi=hard -mfpu=vfpv3-d16 -mtls-dialect=gnu -marm -march=armv7-a+fp -auxbase-strip CMakeFiles/cmTC_8ff07.dir/CMakeCXXCompilerABI.cpp.o -version -o /tmp/ccNQOp4y.s
GNU C++14 (GCC) version 8.3.0 (armv7l-unknown-linux-gnueabihf)
	compiled by GNU C version 8.3.0, GMP version 6.1.2, MPFR version 4.0.2, MPC version 1.1.0, isl version isl-0.21-GMP

GGC heuristics: --param ggc-min-expand=89 --param ggc-min-heapsize=111393
ignoring nonexistent directory "/usr/lib/gcc/armv7l-unknown-linux-gnueabihf/8.3.0/../../../../armv7l-unknown-linux-gnueabihf/include"
#include "..." search starts here:
#include <...> search starts here:
 /usr/lib/gcc/armv7l-unknown-linux-gnueabihf/8.3.0/../../../../include/c++/8.3.0
 /usr/lib/gcc/armv7l-unknown-linux-gnueabihf/8.3.0/../../../../include/c++/8.3.0/armv7l-unknown-linux-gnueabihf
 /usr/lib/gcc/armv7l-unknown-linux-gnueabihf/8.3.0/../../../../include/c++/8.3.0/backward
 /usr/lib/gcc/armv7l-unknown-linux-gnueabihf/8.3.0/include
 /usr/local/include
 /usr/lib/gcc/armv7l-unknown-linux-gnueabihf/8.3.0/include-fixed
 /usr/include
End of search list.
GNU C++14 (GCC) version 8.3.0 (armv7l-unknown-linux-gnueabihf)
	compiled by GNU C version 8.3.0, GMP version 6.1.2, MPFR version 4.0.2, MPC version 1.1.0, isl version isl-0.21-GMP

GGC heuristics: --param ggc-min-expand=89 --param ggc-min-heapsize=111393
Compiler executable checksum: 2544d994a9cbe0827f78c94d703aee08
COLLECT_GCC_OPTIONS='-v' '-o' 'CMakeFiles/cmTC_8ff07.dir/CMakeCXXCompilerABI.cpp.o' '-c' '-shared-libgcc'  '-mfloat-abi=hard' '-mfpu=vfpv3-d16' '-mtls-dialect=gnu' '-marm' '-march=armv7-a+fp'
 as -v -march=armv7-a -mfloat-abi=hard -mfpu=vfpv3-d16 -meabi=5 -o CMakeFiles/cmTC_8ff07.dir/CMakeCXXCompilerABI.cpp.o /tmp/ccNQOp4y.s
GNU assembler version 2.32 (armv7l-unknown-linux-gnueabihf) using BFD version (GNU Binutils) 2.32
COMPILER_PATH=/usr/lib/gcc/armv7l-unknown-linux-gnueabihf/8.3.0/:/usr/lib/gcc/armv7l-unknown-linux-gnueabihf/8.3.0/:/usr/lib/gcc/armv7l-unknown-linux-gnueabihf/:/usr/lib/gcc/armv7l-unknown-linux-gnueabihf/8.3.0/:/usr/lib/gcc/armv7l-unknown-linux-gnueabihf/
LIBRARY_PATH=/usr/lib/gcc/armv7l-unknown-linux-gnueabihf/8.3.0/:/usr/lib/gcc/armv7l-unknown-linux-gnueabihf/8.3.0/../../../:/lib/:/usr/lib/
COLLECT_GCC_OPTIONS='-v' '-o' 'CMakeFiles/cmTC_8ff07.dir/CMakeCXXCompilerABI.cpp.o' '-c' '-shared-libgcc'  '-mfloat-abi=hard' '-mfpu=vfpv3-d16' '-mtls-dialect=gnu' '-marm' '-march=armv7-a+fp'
Linking CXX executable cmTC_8ff07
/usr/bin/cmake -E cmake_link_script CMakeFiles/cmTC_8ff07.dir/link.txt --verbose=1
/usr/bin/c++      -v -rdynamic CMakeFiles/cmTC_8ff07.dir/CMakeCXXCompilerABI.cpp.o  -o cmTC_8ff07 
Using built-in specs.
COLLECT_GCC=/usr/bin/c++
COLLECT_LTO_WRAPPER=/usr/lib/gcc/armv7l-unknown-linux-gnueabihf/8.3.0/lto-wrapper
Target: armv7l-unknown-linux-gnueabihf
Configured with: /build/gcc/src/gcc/configure --prefix=/usr --libdir=/usr/lib --libexecdir=/usr/lib --mandir=/usr/share/man --infodir=/usr/share/info --with-bugurl=https://github.com/archlinuxarm/PKGBUILDs/issues --enable-languages=c,c++,fortran,go,lto,objc,obj-c++ --enable-shared --enable-threads=posix --with-system-zlib --with-isl --enable-__cxa_atexit --disable-libunwind-exceptions --enable-clocale=gnu --disable-libstdcxx-pch --disable-libssp --enable-gnu-unique-object --enable-linker-build-id --enable-lto --enable-plugin --enable-install-libiberty --with-linker-hash-style=gnu --enable-gnu-indirect-function --disable-multilib --disable-werror --enable-checking=release --enable-default-pie --enable-default-ssp --host=armv7l-unknown-linux-gnueabihf --build=armv7l-unknown-linux-gnueabihf --with-arch=armv7-a --with-float=hard --with-fpu=vfpv3-d16
Thread model: posix
gcc version 8.3.0 (GCC) 
COMPILER_PATH=/usr/lib/gcc/armv7l-unknown-linux-gnueabihf/8.3.0/:/usr/lib/gcc/armv7l-unknown-linux-gnueabihf/8.3.0/:/usr/lib/gcc/armv7l-unknown-linux-gnueabihf/:/usr/lib/gcc/armv7l-unknown-linux-gnueabihf/8.3.0/:/usr/lib/gcc/armv7l-unknown-linux-gnueabihf/
LIBRARY_PATH=/usr/lib/gcc/armv7l-unknown-linux-gnueabihf/8.3.0/:/usr/lib/gcc/armv7l-unknown-linux-gnueabihf/8.3.0/../../../:/lib/:/usr/lib/
COLLECT_GCC_OPTIONS='-v' '-rdynamic' '-o' 'cmTC_8ff07' '-shared-libgcc'  '-mfloat-abi=hard' '-mfpu=vfpv3-d16' '-mtls-dialect=gnu' '-marm' '-march=armv7-a+fp'
 /usr/lib/gcc/armv7l-unknown-linux-gnueabihf/8.3.0/collect2 -plugin /usr/lib/gcc/armv7l-unknown-linux-gnueabihf/8.3.0/liblto_plugin.so -plugin-opt=/usr/lib/gcc/armv7l-unknown-linux-gnueabihf/8.3.0/lto-wrapper -plugin-opt=-fresolution=/tmp/cc2HN4gg.res -plugin-opt=-pass-through=-lgcc_s -plugin-opt=-pass-through=-lgcc -plugin-opt=-pass-through=-lc -plugin-opt=-pass-through=-lgcc_s -plugin-opt=-pass-through=-lgcc --build-id --eh-frame-hdr --hash-style=gnu -export-dynamic -dynamic-linker /lib/ld-linux-armhf.so.3 -X -m armelf_linux_eabi -pie -o cmTC_8ff07 /usr/lib/gcc/armv7l-unknown-linux-gnueabihf/8.3.0/../../../Scrt1.o /usr/lib/gcc/armv7l-unknown-linux-gnueabihf/8.3.0/../../../crti.o /usr/lib/gcc/armv7l-unknown-linux-gnueabihf/8.3.0/crtbeginS.o -L/usr/lib/gcc/armv7l-unknown-linux-gnueabihf/8.3.0 -L/usr/lib/gcc/armv7l-unknown-linux-gnueabihf/8.3.0/../../.. CMakeFiles/cmTC_8ff07.dir/CMakeCXXCompilerABI.cpp.o -lstdc++ -lm -lgcc_s -lgcc -lc -lgcc_s -lgcc /usr/lib/gcc/armv7l-unknown-linux-gnueabihf/8.3.0/crtendS.o /usr/lib/gcc/armv7l-unknown-linux-gnueabihf/8.3.0/../../../crtn.o
COLLECT_GCC_OPTIONS='-v' '-rdynamic' '-o' 'cmTC_8ff07' '-shared-libgcc'  '-mfloat-abi=hard' '-mfpu=vfpv3-d16' '-mtls-dialect=gnu' '-marm' '-march=armv7-a+fp'
make[1]: Leaving directory '/home/gmatczak/raspicam-0.1.8/build/CMakeFiles/CMakeTmp'



Parsed CXX implicit include dir info from above output: rv=done
  found start of include info
  found start of implicit include info
    add: [/usr/lib/gcc/armv7l-unknown-linux-gnueabihf/8.3.0/../../../../include/c++/8.3.0]
    add: [/usr/lib/gcc/armv7l-unknown-linux-gnueabihf/8.3.0/../../../../include/c++/8.3.0/armv7l-unknown-linux-gnueabihf]
    add: [/usr/lib/gcc/armv7l-unknown-linux-gnueabihf/8.3.0/../../../../include/c++/8.3.0/backward]
    add: [/usr/lib/gcc/armv7l-unknown-linux-gnueabihf/8.3.0/include]
    add: [/usr/local/include]
    add: [/usr/lib/gcc/armv7l-unknown-linux-gnueabihf/8.3.0/include-fixed]
    add: [/usr/include]
  end of search list found
  collapse include dir [/usr/lib/gcc/armv7l-unknown-linux-gnueabihf/8.3.0/../../../../include/c++/8.3.0] ==> [/usr/include/c++/8.3.0]
  collapse include dir [/usr/lib/gcc/armv7l-unknown-linux-gnueabihf/8.3.0/../../../../include/c++/8.3.0/armv7l-unknown-linux-gnueabihf] ==> [/usr/include/c++/8.3.0/armv7l-unknown-linux-gnueabihf]
  collapse include dir [/usr/lib/gcc/armv7l-unknown-linux-gnueabihf/8.3.0/../../../../include/c++/8.3.0/backward] ==> [/usr/include/c++/8.3.0/backward]
  collapse include dir [/usr/lib/gcc/armv7l-unknown-linux-gnueabihf/8.3.0/include] ==> [/usr/lib/gcc/armv7l-unknown-linux-gnueabihf/8.3.0/include]
  collapse include dir [/usr/local/include] ==> [/usr/local/include]
  collapse include dir [/usr/lib/gcc/armv7l-unknown-linux-gnueabihf/8.3.0/include-fixed] ==> [/usr/lib/gcc/armv7l-unknown-linux-gnueabihf/8.3.0/include-fixed]
  collapse include dir [/usr/include] ==> [/usr/include]
  implicit include dirs: [/usr/include/c++/8.3.0;/usr/include/c++/8.3.0/armv7l-unknown-linux-gnueabihf;/usr/include/c++/8.3.0/backward;/usr/lib/gcc/armv7l-unknown-linux-gnueabihf/8.3.0/include;/usr/local/include;/usr/lib/gcc/armv7l-unknown-linux-gnueabihf/8.3.0/include-fixed;/usr/include]


Parsed CXX implicit link information from above output:
  link line regex: [^( *|.*[/\])(ld|CMAKE_LINK_STARTFILE-NOTFOUND|([^/\]+-)?ld|collect2)[^/\]*( |$)]
  ignore line: [Change Dir: /home/gmatczak/raspicam-0.1.8/build/CMakeFiles/CMakeTmp]
  ignore line: []
  ignore line: [Run Build Command(s):/usr/bin/make cmTC_8ff07/fast && /usr/bin/make -f CMakeFiles/cmTC_8ff07.dir/build.make CMakeFiles/cmTC_8ff07.dir/build]
  ignore line: [make[1]: Entering directory '/home/gmatczak/raspicam-0.1.8/build/CMakeFiles/CMakeTmp']
  ignore line: [Building CXX object CMakeFiles/cmTC_8ff07.dir/CMakeCXXCompilerABI.cpp.o]
  ignore line: [/usr/bin/c++    -v -o CMakeFiles/cmTC_8ff07.dir/CMakeCXXCompilerABI.cpp.o -c /usr/share/cmake-3.15/Modules/CMakeCXXCompilerABI.cpp]
  ignore line: [Using built-in specs.]
  ignore line: [COLLECT_GCC=/usr/bin/c++]
  ignore line: [Target: armv7l-unknown-linux-gnueabihf]
  ignore line: [Configured with: /build/gcc/src/gcc/configure --prefix=/usr --libdir=/usr/lib --libexecdir=/usr/lib --mandir=/usr/share/man --infodir=/usr/share/info --with-bugurl=https://github.com/archlinuxarm/PKGBUILDs/issues --enable-languages=c,c++,fortran,go,lto,objc,obj-c++ --enable-shared --enable-threads=posix --with-system-zlib --with-isl --enable-__cxa_atexit --disable-libunwind-exceptions --enable-clocale=gnu --disable-libstdcxx-pch --disable-libssp --enable-gnu-unique-object --enable-linker-build-id --enable-lto --enable-plugin --enable-install-libiberty --with-linker-hash-style=gnu --enable-gnu-indirect-function --disable-multilib --disable-werror --enable-checking=release --enable-default-pie --enable-default-ssp --host=armv7l-unknown-linux-gnueabihf --build=armv7l-unknown-linux-gnueabihf --with-arch=armv7-a --with-float=hard --with-fpu=vfpv3-d16]
  ignore line: [Thread model: posix]
  ignore line: [gcc version 8.3.0 (GCC) ]
  ignore line: [COLLECT_GCC_OPTIONS='-v' '-o' 'CMakeFiles/cmTC_8ff07.dir/CMakeCXXCompilerABI.cpp.o' '-c' '-shared-libgcc'  '-mfloat-abi=hard' '-mfpu=vfpv3-d16' '-mtls-dialect=gnu' '-marm' '-march=armv7-a+fp']
  ignore line: [ /usr/lib/gcc/armv7l-unknown-linux-gnueabihf/8.3.0/cc1plus -quiet -v -D_GNU_SOURCE /usr/share/cmake-3.15/Modules/CMakeCXXCompilerABI.cpp -quiet -dumpbase CMakeCXXCompilerABI.cpp -mfloat-abi=hard -mfpu=vfpv3-d16 -mtls-dialect=gnu -marm -march=armv7-a+fp -auxbase-strip CMakeFiles/cmTC_8ff07.dir/CMakeCXXCompilerABI.cpp.o -version -o /tmp/ccNQOp4y.s]
  ignore line: [GNU C++14 (GCC) version 8.3.0 (armv7l-unknown-linux-gnueabihf)]
  ignore line: [	compiled by GNU C version 8.3.0, GMP version 6.1.2, MPFR version 4.0.2, MPC version 1.1.0, isl version isl-0.21-GMP]
  ignore line: []
  ignore line: [GGC heuristics: --param ggc-min-expand=89 --param ggc-min-heapsize=111393]
  ignore line: [ignoring nonexistent directory "/usr/lib/gcc/armv7l-unknown-linux-gnueabihf/8.3.0/../../../../armv7l-unknown-linux-gnueabihf/include"]
  ignore line: [#include "..." search starts here:]
  ignore line: [#include <...> search starts here:]
  ignore line: [ /usr/lib/gcc/armv7l-unknown-linux-gnueabihf/8.3.0/../../../../include/c++/8.3.0]
  ignore line: [ /usr/lib/gcc/armv7l-unknown-linux-gnueabihf/8.3.0/../../../../include/c++/8.3.0/armv7l-unknown-linux-gnueabihf]
  ignore line: [ /usr/lib/gcc/armv7l-unknown-linux-gnueabihf/8.3.0/../../../../include/c++/8.3.0/backward]
  ignore line: [ /usr/lib/gcc/armv7l-unknown-linux-gnueabihf/8.3.0/include]
  ignore line: [ /usr/local/include]
  ignore line: [ /usr/lib/gcc/armv7l-unknown-linux-gnueabihf/8.3.0/include-fixed]
  ignore line: [ /usr/include]
  ignore line: [End of search list.]
  ignore line: [GNU C++14 (GCC) version 8.3.0 (armv7l-unknown-linux-gnueabihf)]
  ignore line: [	compiled by GNU C version 8.3.0, GMP version 6.1.2, MPFR version 4.0.2, MPC version 1.1.0, isl version isl-0.21-GMP]
  ignore line: []
  ignore line: [GGC heuristics: --param ggc-min-expand=89 --param ggc-min-heapsize=111393]
  ignore line: [Compiler executable checksum: 2544d994a9cbe0827f78c94d703aee08]
  ignore line: [COLLECT_GCC_OPTIONS='-v' '-o' 'CMakeFiles/cmTC_8ff07.dir/CMakeCXXCompilerABI.cpp.o' '-c' '-shared-libgcc'  '-mfloat-abi=hard' '-mfpu=vfpv3-d16' '-mtls-dialect=gnu' '-marm' '-march=armv7-a+fp']
  ignore line: [ as -v -march=armv7-a -mfloat-abi=hard -mfpu=vfpv3-d16 -meabi=5 -o CMakeFiles/cmTC_8ff07.dir/CMakeCXXCompilerABI.cpp.o /tmp/ccNQOp4y.s]
  ignore line: [GNU assembler version 2.32 (armv7l-unknown-linux-gnueabihf) using BFD version (GNU Binutils) 2.32]
  ignore line: [COMPILER_PATH=/usr/lib/gcc/armv7l-unknown-linux-gnueabihf/8.3.0/:/usr/lib/gcc/armv7l-unknown-linux-gnueabihf/8.3.0/:/usr/lib/gcc/armv7l-unknown-linux-gnueabihf/:/usr/lib/gcc/armv7l-unknown-linux-gnueabihf/8.3.0/:/usr/lib/gcc/armv7l-unknown-linux-gnueabihf/]
  ignore line: [LIBRARY_PATH=/usr/lib/gcc/armv7l-unknown-linux-gnueabihf/8.3.0/:/usr/lib/gcc/armv7l-unknown-linux-gnueabihf/8.3.0/../../../:/lib/:/usr/lib/]
  ignore line: [COLLECT_GCC_OPTIONS='-v' '-o' 'CMakeFiles/cmTC_8ff07.dir/CMakeCXXCompilerABI.cpp.o' '-c' '-shared-libgcc'  '-mfloat-abi=hard' '-mfpu=vfpv3-d16' '-mtls-dialect=gnu' '-marm' '-march=armv7-a+fp']
  ignore line: [Linking CXX executable cmTC_8ff07]
  ignore line: [/usr/bin/cmake -E cmake_link_script CMakeFiles/cmTC_8ff07.dir/link.txt --verbose=1]
  ignore line: [/usr/bin/c++      -v -rdynamic CMakeFiles/cmTC_8ff07.dir/CMakeCXXCompilerABI.cpp.o  -o cmTC_8ff07 ]
  ignore line: [Using built-in specs.]
  ignore line: [COLLECT_GCC=/usr/bin/c++]
  ignore line: [COLLECT_LTO_WRAPPER=/usr/lib/gcc/armv7l-unknown-linux-gnueabihf/8.3.0/lto-wrapper]
  ignore line: [Target: armv7l-unknown-linux-gnueabihf]
  ignore line: [Configured with: /build/gcc/src/gcc/configure --prefix=/usr --libdir=/usr/lib --libexecdir=/usr/lib --mandir=/usr/share/man --infodir=/usr/share/info --with-bugurl=https://github.com/archlinuxarm/PKGBUILDs/issues --enable-languages=c,c++,fortran,go,lto,objc,obj-c++ --enable-shared --enable-threads=posix --with-system-zlib --with-isl --enable-__cxa_atexit --disable-libunwind-exceptions --enable-clocale=gnu --disable-libstdcxx-pch --disable-libssp --enable-gnu-unique-object --enable-linker-build-id --enable-lto --enable-plugin --enable-install-libiberty --with-linker-hash-style=gnu --enable-gnu-indirect-function --disable-multilib --disable-werror --enable-checking=release --enable-default-pie --enable-default-ssp --host=armv7l-unknown-linux-gnueabihf --build=armv7l-unknown-linux-gnueabihf --with-arch=armv7-a --with-float=hard --with-fpu=vfpv3-d16]
  ignore line: [Thread model: posix]
  ignore line: [gcc version 8.3.0 (GCC) ]
  ignore line: [COMPILER_PATH=/usr/lib/gcc/armv7l-unknown-linux-gnueabihf/8.3.0/:/usr/lib/gcc/armv7l-unknown-linux-gnueabihf/8.3.0/:/usr/lib/gcc/armv7l-unknown-linux-gnueabihf/:/usr/lib/gcc/armv7l-unknown-linux-gnueabihf/8.3.0/:/usr/lib/gcc/armv7l-unknown-linux-gnueabihf/]
  ignore line: [LIBRARY_PATH=/usr/lib/gcc/armv7l-unknown-linux-gnueabihf/8.3.0/:/usr/lib/gcc/armv7l-unknown-linux-gnueabihf/8.3.0/../../../:/lib/:/usr/lib/]
  ignore line: [COLLECT_GCC_OPTIONS='-v' '-rdynamic' '-o' 'cmTC_8ff07' '-shared-libgcc'  '-mfloat-abi=hard' '-mfpu=vfpv3-d16' '-mtls-dialect=gnu' '-marm' '-march=armv7-a+fp']
  link line: [ /usr/lib/gcc/armv7l-unknown-linux-gnueabihf/8.3.0/collect2 -plugin /usr/lib/gcc/armv7l-unknown-linux-gnueabihf/8.3.0/liblto_plugin.so -plugin-opt=/usr/lib/gcc/armv7l-unknown-linux-gnueabihf/8.3.0/lto-wrapper -plugin-opt=-fresolution=/tmp/cc2HN4gg.res -plugin-opt=-pass-through=-lgcc_s -plugin-opt=-pass-through=-lgcc -plugin-opt=-pass-through=-lc -plugin-opt=-pass-through=-lgcc_s -plugin-opt=-pass-through=-lgcc --build-id --eh-frame-hdr --hash-style=gnu -export-dynamic -dynamic-linker /lib/ld-linux-armhf.so.3 -X -m armelf_linux_eabi -pie -o cmTC_8ff07 /usr/lib/gcc/armv7l-unknown-linux-gnueabihf/8.3.0/../../../Scrt1.o /usr/lib/gcc/armv7l-unknown-linux-gnueabihf/8.3.0/../../../crti.o /usr/lib/gcc/armv7l-unknown-linux-gnueabihf/8.3.0/crtbeginS.o -L/usr/lib/gcc/armv7l-unknown-linux-gnueabihf/8.3.0 -L/usr/lib/gcc/armv7l-unknown-linux-gnueabihf/8.3.0/../../.. CMakeFiles/cmTC_8ff07.dir/CMakeCXXCompilerABI.cpp.o -lstdc++ -lm -lgcc_s -lgcc -lc -lgcc_s -lgcc /usr/lib/gcc/armv7l-unknown-linux-gnueabihf/8.3.0/crtendS.o /usr/lib/gcc/armv7l-unknown-linux-gnueabihf/8.3.0/../../../crtn.o]
    arg [/usr/lib/gcc/armv7l-unknown-linux-gnueabihf/8.3.0/collect2] ==> ignore
    arg [-plugin] ==> ignore
    arg [/usr/lib/gcc/armv7l-unknown-linux-gnueabihf/8.3.0/liblto_plugin.so] ==> ignore
    arg [-plugin-opt=/usr/lib/gcc/armv7l-unknown-linux-gnueabihf/8.3.0/lto-wrapper] ==> ignore
    arg [-plugin-opt=-fresolution=/tmp/cc2HN4gg.res] ==> ignore
    arg [-plugin-opt=-pass-through=-lgcc_s] ==> ignore
    arg [-plugin-opt=-pass-through=-lgcc] ==> ignore
    arg [-plugin-opt=-pass-through=-lc] ==> ignore
    arg [-plugin-opt=-pass-through=-lgcc_s] ==> ignore
    arg [-plugin-opt=-pass-through=-lgcc] ==> ignore
    arg [--build-id] ==> ignore
    arg [--eh-frame-hdr] ==> ignore
    arg [--hash-style=gnu] ==> ignore
    arg [-export-dynamic] ==> ignore
    arg [-dynamic-linker] ==> ignore
    arg [/lib/ld-linux-armhf.so.3] ==> ignore
    arg [-X] ==> ignore
    arg [-m] ==> ignore
    arg [armelf_linux_eabi] ==> ignore
    arg [-pie] ==> ignore
    arg [-o] ==> ignore
    arg [cmTC_8ff07] ==> ignore
    arg [/usr/lib/gcc/armv7l-unknown-linux-gnueabihf/8.3.0/../../../Scrt1.o] ==> ignore
    arg [/usr/lib/gcc/armv7l-unknown-linux-gnueabihf/8.3.0/../../../crti.o] ==> ignore
    arg [/usr/lib/gcc/armv7l-unknown-linux-gnueabihf/8.3.0/crtbeginS.o] ==> ignore
    arg [-L/usr/lib/gcc/armv7l-unknown-linux-gnueabihf/8.3.0] ==> dir [/usr/lib/gcc/armv7l-unknown-linux-gnueabihf/8.3.0]
    arg [-L/usr/lib/gcc/armv7l-unknown-linux-gnueabihf/8.3.0/../../..] ==> dir [/usr/lib/gcc/armv7l-unknown-linux-gnueabihf/8.3.0/../../..]
    arg [CMakeFiles/cmTC_8ff07.dir/CMakeCXXCompilerABI.cpp.o] ==> ignore
    arg [-lstdc++] ==> lib [stdc++]
    arg [-lm] ==> lib [m]
    arg [-lgcc_s] ==> lib [gcc_s]
    arg [-lgcc] ==> lib [gcc]
    arg [-lc] ==> lib [c]
    arg [-lgcc_s] ==> lib [gcc_s]
    arg [-lgcc] ==> lib [gcc]
    arg [/usr/lib/gcc/armv7l-unknown-linux-gnueabihf/8.3.0/crtendS.o] ==> ignore
    arg [/usr/lib/gcc/armv7l-unknown-linux-gnueabihf/8.3.0/../../../crtn.o] ==> ignore
  collapse library dir [/usr/lib/gcc/armv7l-unknown-linux-gnueabihf/8.3.0] ==> [/usr/lib/gcc/armv7l-unknown-linux-gnueabihf/8.3.0]
  collapse library dir [/usr/lib/gcc/armv7l-unknown-linux-gnueabihf/8.3.0/../../..] ==> [/usr/lib]
  implicit libs: [stdc++;m;gcc_s;gcc;c;gcc_s;gcc]
  implicit dirs: [/usr/lib/gcc/armv7l-unknown-linux-gnueabihf/8.3.0;/usr/lib]
  implicit fwks: []


